[08:58:32] [ERROR] - org.hibernate.engine.jdbc.spi.SqlExceptionHelper.logExceptions(SqlExceptionHelper.java:131) - Column 'GoodsAddTime' cannot be null
[08:58:32] [ERROR] - org.hibernate.AssertionFailure.<init>(AssertionFailure.java:31) - HHH000099: an assertion failure occurred (this may indicate a bug in Hibernate, but is more likely due to unsafe use of the session): org.hibernate.AssertionFailure: null id in com.Aishopssh.Entites.Cartlist entry (don't flush the Session after an exception occurs)
[08:58:32] [ERROR] - org.hibernate.internal.ExceptionMapperStandardImpl.mapManagedFlushFailure(ExceptionMapperStandardImpl.java:39) - HHH000346: Error during managed flush [null id in com.Aishopssh.Entites.Cartlist entry (don't flush the Session after an exception occurs)]
[09:00:08] [WARN] - org.hibernate.engine.jdbc.spi.SqlExceptionHelper.logExceptions(SqlExceptionHelper.java:129) - SQL Error: 1048, SQLState: 23000
[09:00:08] [ERROR] - org.hibernate.engine.jdbc.spi.SqlExceptionHelper.logExceptions(SqlExceptionHelper.java:131) - Column 'GoodsAddTime' cannot be null
[09:00:08] [ERROR] - org.hibernate.AssertionFailure.<init>(AssertionFailure.java:31) - HHH000099: an assertion failure occurred (this may indicate a bug in Hibernate, but is more likely due to unsafe use of the session): org.hibernate.AssertionFailure: null id in com.Aishopssh.Entites.Cartlist entry (don't flush the Session after an exception occurs)
[09:00:08] [ERROR] - org.hibernate.internal.ExceptionMapperStandardImpl.mapManagedFlushFailure(ExceptionMapperStandardImpl.java:39) - HHH000346: Error during managed flush [null id in com.Aishopssh.Entites.Cartlist entry (don't flush the Session after an exception occurs)]
[09:05:12] [WARN] - org.hibernate.engine.jdbc.spi.SqlExceptionHelper.logExceptions(SqlExceptionHelper.java:129) - SQL Error: 1048, SQLState: 23000
[09:05:12] [ERROR] - org.hibernate.engine.jdbc.spi.SqlExceptionHelper.logExceptions(SqlExceptionHelper.java:131) - Column 'GoodsAddTime' cannot be null
[09:05:12] [ERROR] - org.hibernate.AssertionFailure.<init>(AssertionFailure.java:31) - HHH000099: an assertion failure occurred (this may indicate a bug in Hibernate, but is more likely due to unsafe use of the session): org.hibernate.AssertionFailure: null id in com.Aishopssh.Entites.Cartlist entry (don't flush the Session after an exception occurs)
[09:05:12] [ERROR] - org.hibernate.internal.ExceptionMapperStandardImpl.mapManagedFlushFailure(ExceptionMapperStandardImpl.java:39) - HHH000346: Error during managed flush [null id in com.Aishopssh.Entites.Cartlist entry (don't flush the Session after an exception occurs)]
[09:06:29] [WARN] - org.hibernate.engine.jdbc.spi.SqlExceptionHelper.logExceptions(SqlExceptionHelper.java:129) - SQL Error: 1048, SQLState: 23000
[09:06:29] [ERROR] - org.hibernate.engine.jdbc.spi.SqlExceptionHelper.logExceptions(SqlExceptionHelper.java:131) - Column 'GoodsAddTime' cannot be null
[09:06:29] [ERROR] - org.hibernate.AssertionFailure.<init>(AssertionFailure.java:31) - HHH000099: an assertion failure occurred (this may indicate a bug in Hibernate, but is more likely due to unsafe use of the session): org.hibernate.AssertionFailure: null id in com.Aishopssh.Entites.Cartlist entry (don't flush the Session after an exception occurs)
[09:06:29] [ERROR] - org.hibernate.internal.ExceptionMapperStandardImpl.mapManagedFlushFailure(ExceptionMapperStandardImpl.java:39) - HHH000346: Error during managed flush [null id in com.Aishopssh.Entites.Cartlist entry (don't flush the Session after an exception occurs)]
[09:07:12] [WARN] - org.hibernate.engine.jdbc.spi.SqlExceptionHelper.logExceptions(SqlExceptionHelper.java:129) - SQL Error: 1048, SQLState: 23000
[09:07:12] [ERROR] - org.hibernate.engine.jdbc.spi.SqlExceptionHelper.logExceptions(SqlExceptionHelper.java:131) - Column 'GoodsAddTime' cannot be null
[09:07:12] [ERROR] - org.hibernate.AssertionFailure.<init>(AssertionFailure.java:31) - HHH000099: an assertion failure occurred (this may indicate a bug in Hibernate, but is more likely due to unsafe use of the session): org.hibernate.AssertionFailure: null id in com.Aishopssh.Entites.Cartlist entry (don't flush the Session after an exception occurs)
[09:07:12] [ERROR] - org.hibernate.internal.ExceptionMapperStandardImpl.mapManagedFlushFailure(ExceptionMapperStandardImpl.java:39) - HHH000346: Error during managed flush [null id in com.Aishopssh.Entites.Cartlist entry (don't flush the Session after an exception occurs)]
[09:07:42] [WARN] - org.hibernate.engine.jdbc.spi.SqlExceptionHelper.logExceptions(SqlExceptionHelper.java:129) - SQL Error: 1048, SQLState: 23000
[09:07:42] [ERROR] - org.hibernate.engine.jdbc.spi.SqlExceptionHelper.logExceptions(SqlExceptionHelper.java:131) - Column 'GoodsAddTime' cannot be null
[09:07:42] [ERROR] - org.hibernate.AssertionFailure.<init>(AssertionFailure.java:31) - HHH000099: an assertion failure occurred (this may indicate a bug in Hibernate, but is more likely due to unsafe use of the session): org.hibernate.AssertionFailure: null id in com.Aishopssh.Entites.Cartlist entry (don't flush the Session after an exception occurs)
[09:07:42] [ERROR] - org.hibernate.internal.ExceptionMapperStandardImpl.mapManagedFlushFailure(ExceptionMapperStandardImpl.java:39) - HHH000346: Error during managed flush [null id in com.Aishopssh.Entites.Cartlist entry (don't flush the Session after an exception occurs)]
[09:14:36] [WARN] - org.hibernate.engine.jdbc.spi.SqlExceptionHelper.logExceptions(SqlExceptionHelper.java:129) - SQL Error: 1048, SQLState: 23000
[09:14:36] [ERROR] - org.hibernate.engine.jdbc.spi.SqlExceptionHelper.logExceptions(SqlExceptionHelper.java:131) - Column 'GoodsAddTime' cannot be null
[09:14:36] [ERROR] - org.hibernate.AssertionFailure.<init>(AssertionFailure.java:31) - HHH000099: an assertion failure occurred (this may indicate a bug in Hibernate, but is more likely due to unsafe use of the session): org.hibernate.AssertionFailure: null id in com.Aishopssh.Entites.Cartlist entry (don't flush the Session after an exception occurs)
[09:14:36] [ERROR] - org.hibernate.internal.ExceptionMapperStandardImpl.mapManagedFlushFailure(ExceptionMapperStandardImpl.java:39) - HHH000346: Error during managed flush [null id in com.Aishopssh.Entites.Cartlist entry (don't flush the Session after an exception occurs)]
[09:14:58] [WARN] - org.hibernate.engine.jdbc.spi.SqlExceptionHelper.logExceptions(SqlExceptionHelper.java:129) - SQL Error: 1048, SQLState: 23000
[09:14:58] [ERROR] - org.hibernate.engine.jdbc.spi.SqlExceptionHelper.logExceptions(SqlExceptionHelper.java:131) - Column 'GoodsAddTime' cannot be null
[09:14:58] [ERROR] - org.hibernate.AssertionFailure.<init>(AssertionFailure.java:31) - HHH000099: an assertion failure occurred (this may indicate a bug in Hibernate, but is more likely due to unsafe use of the session): org.hibernate.AssertionFailure: null id in com.Aishopssh.Entites.Cartlist entry (don't flush the Session after an exception occurs)
[09:14:58] [ERROR] - org.hibernate.internal.ExceptionMapperStandardImpl.mapManagedFlushFailure(ExceptionMapperStandardImpl.java:39) - HHH000346: Error during managed flush [null id in com.Aishopssh.Entites.Cartlist entry (don't flush the Session after an exception occurs)]
[09:15:41] [WARN] - org.hibernate.engine.jdbc.spi.SqlExceptionHelper.logExceptions(SqlExceptionHelper.java:129) - SQL Error: 1048, SQLState: 23000
[09:15:41] [ERROR] - org.hibernate.engine.jdbc.spi.SqlExceptionHelper.logExceptions(SqlExceptionHelper.java:131) - Column 'GoodsAddTime' cannot be null
[09:15:41] [ERROR] - org.hibernate.AssertionFailure.<init>(AssertionFailure.java:31) - HHH000099: an assertion failure occurred (this may indicate a bug in Hibernate, but is more likely due to unsafe use of the session): org.hibernate.AssertionFailure: null id in com.Aishopssh.Entites.Cartlist entry (don't flush the Session after an exception occurs)
[09:15:41] [ERROR] - org.hibernate.internal.ExceptionMapperStandardImpl.mapManagedFlushFailure(ExceptionMapperStandardImpl.java:39) - HHH000346: Error during managed flush [null id in com.Aishopssh.Entites.Cartlist entry (don't flush the Session after an exception occurs)]
[18:07:45] [WARN] - org.hibernate.engine.jdbc.spi.SqlExceptionHelper.logExceptions(SqlExceptionHelper.java:129) - SQL Error: 1054, SQLState: 42S22
[18:07:45] [ERROR] - org.hibernate.engine.jdbc.spi.SqlExceptionHelper.logExceptions(SqlExceptionHelper.java:131) - Unknown column 'leaveword0_.Is_Reply' in 'field list'
